2025-10-15 14:37:08 [main] INFO  dz.mdn.raas.RaasApi - Starting RaasApi using Java 21.0.7 with PID 15828 (F:\Dev Framework\Workspace\Backend\raas\target\classes started by SDR-301 in F:\Dev Framework\Workspace\Backend\raas)
2025-10-15 14:37:08 [main] DEBUG dz.mdn.raas.RaasApi - Running with Spring Boot v3.5.6, Spring v6.2.11
2025-10-15 14:37:08 [main] INFO  dz.mdn.raas.RaasApi - No active profile set, falling back to 1 default profile: "default"
2025-10-15 14:37:10 [main] INFO  o.s.d.r.c.RepositoryConfigurationDelegate - Bootstrapping Spring Data JPA repositories in DEFAULT mode.
2025-10-15 14:37:10 [main] INFO  o.s.d.r.c.RepositoryConfigurationDelegate - Finished Spring Data repository scanning in 296 ms. Found 58 JPA repository interfaces.
2025-10-15 14:37:12 [main] INFO  o.s.b.w.e.tomcat.TomcatWebServer - Tomcat initialized with port 8080 (http)
2025-10-15 14:37:12 [main] INFO  o.a.catalina.core.StandardService - Starting service [Tomcat]
2025-10-15 14:37:12 [main] INFO  o.a.catalina.core.StandardEngine - Starting Servlet engine: [Apache Tomcat/10.1.46]
2025-10-15 14:37:12 [main] INFO  o.a.c.c.C.[.[localhost].[/raas/api] - Initializing Spring embedded WebApplicationContext
2025-10-15 14:37:12 [main] INFO  o.s.b.w.s.c.ServletWebServerApplicationContext - Root WebApplicationContext: initialization completed in 3763 ms
2025-10-15 14:37:12 [main] INFO  com.zaxxer.hikari.HikariDataSource - HikariPool-1 - Starting...
2025-10-15 14:37:13 [main] WARN  o.s.b.w.s.c.AnnotationConfigServletWebServerApplicationContext - Exception encountered during context initialization - cancelling refresh attempt: org.springframework.beans.factory.BeanCreationException: Error creating bean with name 'entityManagerFactory' defined in class path resource [dz/mdn/raas/configuration/DataConfig.class]: Failed to initialize dependency 'dataSourceScriptDatabaseInitializer' of LoadTimeWeaverAware bean 'entityManagerFactory': Error creating bean with name 'dataSourceScriptDatabaseInitializer' defined in class path resource [org/springframework/boot/autoconfigure/sql/init/DataSourceInitializationConfiguration.class]: Unsatisfied dependency expressed through method 'dataSourceScriptDatabaseInitializer' parameter 0: Error creating bean with name 'dataSource' defined in class path resource [dz/mdn/raas/configuration/DataConfig.class]: Failed to instantiate [javax.sql.DataSource]: Factory method 'dataSource' threw exception with message: Failed to initialize pool: Communications link failure
2025-10-15 14:37:13 [main] INFO  o.a.catalina.core.StandardService - Stopping service [Tomcat]
2025-10-15 14:37:14 [main] INFO  o.s.b.a.l.ConditionEvaluationReportLogger - 

Error starting ApplicationContext. To display the condition evaluation report re-run your application with 'debug' enabled.
2025-10-15 14:37:14 [main] ERROR o.s.boot.SpringApplication - Application run failed
org.springframework.beans.factory.BeanCreationException: Error creating bean with name 'entityManagerFactory' defined in class path resource [dz/mdn/raas/configuration/DataConfig.class]: Failed to initialize dependency 'dataSourceScriptDatabaseInitializer' of LoadTimeWeaverAware bean 'entityManagerFactory': Error creating bean with name 'dataSourceScriptDatabaseInitializer' defined in class path resource [org/springframework/boot/autoconfigure/sql/init/DataSourceInitializationConfiguration.class]: Unsatisfied dependency expressed through method 'dataSourceScriptDatabaseInitializer' parameter 0: Error creating bean with name 'dataSource' defined in class path resource [dz/mdn/raas/configuration/DataConfig.class]: Failed to instantiate [javax.sql.DataSource]: Factory method 'dataSource' threw exception with message: Failed to initialize pool: Communications link failure
	at org.springframework.beans.factory.support.AbstractBeanFactory.doGetBean(AbstractBeanFactory.java:328)
	at org.springframework.beans.factory.support.AbstractBeanFactory.getBean(AbstractBeanFactory.java:207)
	at org.springframework.context.support.AbstractApplicationContext.finishBeanFactoryInitialization(AbstractApplicationContext.java:970)
	at org.springframework.context.support.AbstractApplicationContext.refresh(AbstractApplicationContext.java:627)
	at org.springframework.boot.web.servlet.context.ServletWebServerApplicationContext.refresh(ServletWebServerApplicationContext.java:146)
	at org.springframework.boot.SpringApplication.refresh(SpringApplication.java:752)
	at org.springframework.boot.SpringApplication.refreshContext(SpringApplication.java:439)
	at org.springframework.boot.SpringApplication.run(SpringApplication.java:318)
	at org.springframework.boot.SpringApplication.run(SpringApplication.java:1361)
	at org.springframework.boot.SpringApplication.run(SpringApplication.java:1350)
	at dz.mdn.raas.RaasApi.main(RaasApi.java:23)
Caused by: org.springframework.beans.factory.UnsatisfiedDependencyException: Error creating bean with name 'dataSourceScriptDatabaseInitializer' defined in class path resource [org/springframework/boot/autoconfigure/sql/init/DataSourceInitializationConfiguration.class]: Unsatisfied dependency expressed through method 'dataSourceScriptDatabaseInitializer' parameter 0: Error creating bean with name 'dataSource' defined in class path resource [dz/mdn/raas/configuration/DataConfig.class]: Failed to instantiate [javax.sql.DataSource]: Factory method 'dataSource' threw exception with message: Failed to initialize pool: Communications link failure
	at org.springframework.beans.factory.support.ConstructorResolver.createArgumentArray(ConstructorResolver.java:804)
	at org.springframework.beans.factory.support.ConstructorResolver.instantiateUsingFactoryMethod(ConstructorResolver.java:546)
	at org.springframework.beans.factory.support.AbstractAutowireCapableBeanFactory.instantiateUsingFactoryMethod(AbstractAutowireCapableBeanFactory.java:1375)
	at org.springframework.beans.factory.support.AbstractAutowireCapableBeanFactory.createBeanInstance(AbstractAutowireCapableBeanFactory.java:1205)
	at org.springframework.beans.factory.support.AbstractAutowireCapableBeanFactory.doCreateBean(AbstractAutowireCapableBeanFactory.java:569)
	at org.springframework.beans.factory.support.AbstractAutowireCapableBeanFactory.createBean(AbstractAutowireCapableBeanFactory.java:529)
	at org.springframework.beans.factory.support.AbstractBeanFactory.lambda$doGetBean$0(AbstractBeanFactory.java:339)
	at org.springframework.beans.factory.support.DefaultSingletonBeanRegistry.getSingleton(DefaultSingletonBeanRegistry.java:373)
	at org.springframework.beans.factory.support.AbstractBeanFactory.doGetBean(AbstractBeanFactory.java:337)
	at org.springframework.beans.factory.support.AbstractBeanFactory.getBean(AbstractBeanFactory.java:202)
	at org.springframework.beans.factory.support.AbstractBeanFactory.doGetBean(AbstractBeanFactory.java:315)
	... 10 common frames omitted
Caused by: org.springframework.beans.factory.BeanCreationException: Error creating bean with name 'dataSource' defined in class path resource [dz/mdn/raas/configuration/DataConfig.class]: Failed to instantiate [javax.sql.DataSource]: Factory method 'dataSource' threw exception with message: Failed to initialize pool: Communications link failure
	at org.springframework.beans.factory.support.ConstructorResolver.instantiate(ConstructorResolver.java:657)
	at org.springframework.beans.factory.support.ConstructorResolver.instantiateUsingFactoryMethod(ConstructorResolver.java:489)
	at org.springframework.beans.factory.support.AbstractAutowireCapableBeanFactory.instantiateUsingFactoryMethod(AbstractAutowireCapableBeanFactory.java:1375)
	at org.springframework.beans.factory.support.AbstractAutowireCapableBeanFactory.createBeanInstance(AbstractAutowireCapableBeanFactory.java:1205)
	at org.springframework.beans.factory.support.AbstractAutowireCapableBeanFactory.doCreateBean(AbstractAutowireCapableBeanFactory.java:569)
	at org.springframework.beans.factory.support.AbstractAutowireCapableBeanFactory.createBean(AbstractAutowireCapableBeanFactory.java:529)
	at org.springframework.beans.factory.support.AbstractBeanFactory.lambda$doGetBean$0(AbstractBeanFactory.java:339)
	at org.springframework.beans.factory.support.DefaultSingletonBeanRegistry.getSingleton(DefaultSingletonBeanRegistry.java:373)
	at org.springframework.beans.factory.support.AbstractBeanFactory.doGetBean(AbstractBeanFactory.java:337)
	at org.springframework.beans.factory.support.AbstractBeanFactory.getBean(AbstractBeanFactory.java:202)
	at org.springframework.beans.factory.support.DefaultListableBeanFactory.doResolveDependency(DefaultListableBeanFactory.java:1698)
	at org.springframework.beans.factory.support.DefaultListableBeanFactory.resolveDependency(DefaultListableBeanFactory.java:1643)
	at org.springframework.beans.factory.support.ConstructorResolver.resolveAutowiredArgument(ConstructorResolver.java:913)
	at org.springframework.beans.factory.support.ConstructorResolver.createArgumentArray(ConstructorResolver.java:791)
	... 20 common frames omitted
Caused by: org.springframework.beans.BeanInstantiationException: Failed to instantiate [javax.sql.DataSource]: Factory method 'dataSource' threw exception with message: Failed to initialize pool: Communications link failure
	at org.springframework.beans.factory.support.SimpleInstantiationStrategy.lambda$instantiate$0(SimpleInstantiationStrategy.java:200)
	at org.springframework.beans.factory.support.SimpleInstantiationStrategy.instantiateWithFactoryMethod(SimpleInstantiationStrategy.java:89)
	at org.springframework.beans.factory.support.SimpleInstantiationStrategy.instantiate(SimpleInstantiationStrategy.java:169)
	at org.springframework.beans.factory.support.ConstructorResolver.instantiate(ConstructorResolver.java:653)
	... 33 common frames omitted
Caused by: com.zaxxer.hikari.pool.HikariPool$PoolInitializationException: Failed to initialize pool: Communications link failure
	at com.zaxxer.hikari.pool.HikariPool.throwPoolInitializationException(HikariPool.java:610)
	at com.zaxxer.hikari.pool.HikariPool.checkFailFast(HikariPool.java:597)
	at com.zaxxer.hikari.pool.HikariPool.<init>(HikariPool.java:97)
	at com.zaxxer.hikari.HikariDataSource.<init>(HikariDataSource.java:80)
	at dz.mdn.raas.configuration.DataConfig.dataSource(DataConfig.java:101)
	at dz.mdn.raas.configuration.DataConfig$$SpringCGLIB$$0.CGLIB$dataSource$2(<generated>)
	at dz.mdn.raas.configuration.DataConfig$$SpringCGLIB$$FastClass$$1.invoke(<generated>)
	at org.springframework.cglib.proxy.MethodProxy.invokeSuper(MethodProxy.java:258)
	at org.springframework.context.annotation.ConfigurationClassEnhancer$BeanMethodInterceptor.intercept(ConfigurationClassEnhancer.java:400)
	at dz.mdn.raas.configuration.DataConfig$$SpringCGLIB$$0.dataSource(<generated>)
	at java.base/jdk.internal.reflect.DirectMethodHandleAccessor.invoke(DirectMethodHandleAccessor.java:103)
	at java.base/java.lang.reflect.Method.invoke(Method.java:580)
	at org.springframework.beans.factory.support.SimpleInstantiationStrategy.lambda$instantiate$0(SimpleInstantiationStrategy.java:172)
	... 36 common frames omitted
Caused by: com.mysql.cj.jdbc.exceptions.CommunicationsException: Communications link failure
	at com.mysql.cj.jdbc.exceptions.SQLError.createCommunicationsException(SQLError.java:165)
	at com.mysql.cj.jdbc.exceptions.SQLExceptionsMapping.translateException(SQLExceptionsMapping.java:55)
	at com.mysql.cj.jdbc.ConnectionImpl.createNewIO(ConnectionImpl.java:839)
	at com.mysql.cj.jdbc.ConnectionImpl.<init>(ConnectionImpl.java:415)
	at com.mysql.cj.jdbc.ConnectionImpl.getInstance(ConnectionImpl.java:237)
	at com.mysql.cj.jdbc.NonRegisteringDriver.connect(NonRegisteringDriver.java:180)
	at com.zaxxer.hikari.util.DriverDataSource.getConnection(DriverDataSource.java:144)
	at com.zaxxer.hikari.pool.PoolBase.newConnection(PoolBase.java:370)
	at com.zaxxer.hikari.pool.PoolBase.newPoolEntry(PoolBase.java:207)
	at com.zaxxer.hikari.pool.HikariPool.createPoolEntry(HikariPool.java:488)
	at com.zaxxer.hikari.pool.HikariPool.checkFailFast(HikariPool.java:576)
	... 47 common frames omitted
Caused by: com.mysql.cj.exceptions.CJCommunicationsException: Communications link failure
	at java.base/jdk.internal.reflect.DirectConstructorHandleAccessor.newInstance(DirectConstructorHandleAccessor.java:62)
	at java.base/java.lang.reflect.Constructor.newInstanceWithCaller(Constructor.java:502)
	at java.base/java.lang.reflect.Constructor.newInstance(Constructor.java:486)
	at com.mysql.cj.exceptions.ExceptionFactory.createException(ExceptionFactory.java:52)
	at com.mysql.cj.exceptions.ExceptionFactory.createException(ExceptionFactory.java:95)
	at com.mysql.cj.exceptions.ExceptionFactory.createException(ExceptionFactory.java:140)
	at com.mysql.cj.exceptions.ExceptionFactory.createCommunicationsException(ExceptionFactory.java:156)
	at com.mysql.cj.protocol.a.NativeSocketConnection.connect(NativeSocketConnection.java:79)
	at com.mysql.cj.NativeSession.connect(NativeSession.java:142)
	at com.mysql.cj.jdbc.ConnectionImpl.connectOneTryOnly(ConnectionImpl.java:963)
	at com.mysql.cj.jdbc.ConnectionImpl.createNewIO(ConnectionImpl.java:827)
	... 55 common frames omitted
Caused by: java.net.ConnectException: Connection refused: getsockopt
	at java.base/sun.nio.ch.Net.pollConnect(Native Method)
	at java.base/sun.nio.ch.Net.pollConnectNow(Net.java:682)
	at java.base/sun.nio.ch.NioSocketImpl.timedFinishConnect(NioSocketImpl.java:542)
	at java.base/sun.nio.ch.NioSocketImpl.connect(NioSocketImpl.java:592)
	at java.base/java.net.SocksSocketImpl.connect(SocksSocketImpl.java:327)
	at java.base/java.net.Socket.connect(Socket.java:751)
	at com.mysql.cj.protocol.StandardSocketFactory.connect(StandardSocketFactory.java:144)
	at com.mysql.cj.protocol.a.NativeSocketConnection.connect(NativeSocketConnection.java:53)
	... 58 common frames omitted
2025-10-15 14:37:49 [main] INFO  dz.mdn.raas.RaasApi - Starting RaasApi using Java 21.0.7 with PID 24448 (F:\Dev Framework\Workspace\Backend\raas\target\classes started by SDR-301 in F:\Dev Framework\Workspace\Backend\raas)
2025-10-15 14:37:49 [main] DEBUG dz.mdn.raas.RaasApi - Running with Spring Boot v3.5.6, Spring v6.2.11
2025-10-15 14:37:49 [main] INFO  dz.mdn.raas.RaasApi - No active profile set, falling back to 1 default profile: "default"
2025-10-15 14:37:50 [main] INFO  o.s.d.r.c.RepositoryConfigurationDelegate - Bootstrapping Spring Data JPA repositories in DEFAULT mode.
2025-10-15 14:37:50 [main] INFO  o.s.d.r.c.RepositoryConfigurationDelegate - Finished Spring Data repository scanning in 185 ms. Found 58 JPA repository interfaces.
2025-10-15 14:37:51 [main] INFO  o.s.b.w.e.tomcat.TomcatWebServer - Tomcat initialized with port 8080 (http)
2025-10-15 14:37:51 [main] INFO  o.a.catalina.core.StandardService - Starting service [Tomcat]
2025-10-15 14:37:51 [main] INFO  o.a.catalina.core.StandardEngine - Starting Servlet engine: [Apache Tomcat/10.1.46]
2025-10-15 14:37:51 [main] INFO  o.a.c.c.C.[.[localhost].[/raas/api] - Initializing Spring embedded WebApplicationContext
2025-10-15 14:37:51 [main] INFO  o.s.b.w.s.c.ServletWebServerApplicationContext - Root WebApplicationContext: initialization completed in 1759 ms
2025-10-15 14:37:51 [main] INFO  com.zaxxer.hikari.HikariDataSource - HikariPool-1 - Starting...
2025-10-15 14:37:52 [main] INFO  com.zaxxer.hikari.pool.HikariPool - HikariPool-1 - Added connection com.mysql.cj.jdbc.ConnectionImpl@138a85d3
2025-10-15 14:37:52 [main] INFO  com.zaxxer.hikari.HikariDataSource - HikariPool-1 - Start completed.
2025-10-15 14:37:52 [main] INFO  o.h.jpa.internal.util.LogHelper - HHH000204: Processing PersistenceUnitInfo [name: default]
2025-10-15 14:37:52 [main] INFO  org.hibernate.Version - HHH000412: Hibernate ORM core version 6.6.29.Final
2025-10-15 14:37:52 [main] INFO  o.h.c.i.RegionFactoryInitiator - HHH000026: Second-level cache disabled
2025-10-15 14:37:52 [main] INFO  o.s.o.j.p.SpringPersistenceUnitInfo - No LoadTimeWeaver setup: ignoring JPA class transformer
2025-10-15 14:37:53 [main] WARN  org.hibernate.dialect.Dialect - HHH000511: The 5.5.5 version for [org.hibernate.dialect.MySQLDialect] is no longer supported, hence certain features may not work properly. The minimum supported version is 8.0.0. Check the community dialects project for available legacy versions.
2025-10-15 14:37:53 [main] WARN  org.hibernate.orm.deprecation - HHH90000025: MySQLDialect does not need to be specified explicitly using 'hibernate.dialect' (remove the property setting and it will be selected by default)
2025-10-15 14:37:53 [main] INFO  o.hibernate.orm.connections.pooling - HHH10001005: Database info:
	Database JDBC URL [Connecting through datasource 'HikariDataSource (HikariPool-1)']
	Database driver: undefined/unknown
	Database version: 5.5.5
	Autocommit mode: undefined/unknown
	Isolation level: undefined/unknown
	Minimum pool size: undefined/unknown
	Maximum pool size: undefined/unknown
2025-10-15 14:37:54 [main] INFO  o.h.e.t.j.p.i.JtaPlatformInitiator - HHH000489: No JTA platform available (set 'hibernate.transaction.jta.platform' to enable JTA platform integration)
2025-10-15 14:37:54 [main] INFO  o.s.o.j.LocalContainerEntityManagerFactoryBean - Initialized JPA EntityManagerFactory for persistence unit 'default'
2025-10-15 14:37:55 [main] INFO  o.s.d.j.r.query.QueryEnhancerFactory - Hibernate is in classpath; If applicable, HQL parser will be used.
2025-10-15 14:37:58 [main] WARN  o.s.b.w.s.c.AnnotationConfigServletWebServerApplicationContext - Exception encountered during context initialization - cancelling refresh attempt: org.springframework.beans.factory.UnsatisfiedDependencyException: Error creating bean with name 'archiveBoxController' defined in file [F:\Dev Framework\Workspace\Backend\raas\target\classes\dz\mdn\raas\common\environment\controller\ArchiveBoxController.class]: Unsatisfied dependency expressed through constructor parameter 0: Error creating bean with name 'archiveBoxService' defined in file [F:\Dev Framework\Workspace\Backend\raas\target\classes\dz\mdn\raas\common\environment\service\ArchiveBoxService.class]: Unsatisfied dependency expressed through constructor parameter 2: Error creating bean with name 'shelfFloorRepository' defined in dz.mdn.raas.common.environment.repository.ShelfFloorRepository defined in @EnableJpaRepositories declared on DataConfig: Could not create query for public abstract org.springframework.data.domain.Page dz.mdn.raas.common.environment.repository.ShelfFloorRepository.findByLevelNumber(java.lang.String,org.springframework.data.domain.Pageable); Reason: At 1:43 and token 'REGEXP', mismatched input 'REGEXP', expecting one of the following tokens: <EOF>, ',', '[', '/', '||', '.', '*', AND, BY, DAY, EPOCH, EXCEPT, FETCH, GROUP, HAVING, HOUR, INTERSECT, LIMIT, MINUTE, MONTH, NANOSECOND, OFFSET, OR, ORDER, QUARTER, SECOND, UNION, WEEK, YEAR, '+', '-'; Bad HQL grammar [SELECT sf FROM ShelfFloor sf WHERE sf.code REGEXP :levelPattern]
2025-10-15 14:37:58 [main] INFO  o.s.o.j.LocalContainerEntityManagerFactoryBean - Closing JPA EntityManagerFactory for persistence unit 'default'
2025-10-15 14:37:58 [main] INFO  com.zaxxer.hikari.HikariDataSource - HikariPool-1 - Shutdown initiated...
2025-10-15 14:37:58 [main] INFO  com.zaxxer.hikari.HikariDataSource - HikariPool-1 - Shutdown completed.
2025-10-15 14:37:58 [main] INFO  o.a.catalina.core.StandardService - Stopping service [Tomcat]
2025-10-15 14:37:58 [main] INFO  o.s.b.a.l.ConditionEvaluationReportLogger - 

Error starting ApplicationContext. To display the condition evaluation report re-run your application with 'debug' enabled.
2025-10-15 14:37:58 [main] ERROR o.s.boot.SpringApplication - Application run failed
org.springframework.beans.factory.UnsatisfiedDependencyException: Error creating bean with name 'archiveBoxController' defined in file [F:\Dev Framework\Workspace\Backend\raas\target\classes\dz\mdn\raas\common\environment\controller\ArchiveBoxController.class]: Unsatisfied dependency expressed through constructor parameter 0: Error creating bean with name 'archiveBoxService' defined in file [F:\Dev Framework\Workspace\Backend\raas\target\classes\dz\mdn\raas\common\environment\service\ArchiveBoxService.class]: Unsatisfied dependency expressed through constructor parameter 2: Error creating bean with name 'shelfFloorRepository' defined in dz.mdn.raas.common.environment.repository.ShelfFloorRepository defined in @EnableJpaRepositories declared on DataConfig: Could not create query for public abstract org.springframework.data.domain.Page dz.mdn.raas.common.environment.repository.ShelfFloorRepository.findByLevelNumber(java.lang.String,org.springframework.data.domain.Pageable); Reason: At 1:43 and token 'REGEXP', mismatched input 'REGEXP', expecting one of the following tokens: <EOF>, ',', '[', '/', '||', '.', '*', AND, BY, DAY, EPOCH, EXCEPT, FETCH, GROUP, HAVING, HOUR, INTERSECT, LIMIT, MINUTE, MONTH, NANOSECOND, OFFSET, OR, ORDER, QUARTER, SECOND, UNION, WEEK, YEAR, '+', '-'; Bad HQL grammar [SELECT sf FROM ShelfFloor sf WHERE sf.code REGEXP :levelPattern]
	at org.springframework.beans.factory.support.ConstructorResolver.createArgumentArray(ConstructorResolver.java:804)
	at org.springframework.beans.factory.support.ConstructorResolver.autowireConstructor(ConstructorResolver.java:240)
	at org.springframework.beans.factory.support.AbstractAutowireCapableBeanFactory.autowireConstructor(AbstractAutowireCapableBeanFactory.java:1395)
	at org.springframework.beans.factory.support.AbstractAutowireCapableBeanFactory.createBeanInstance(AbstractAutowireCapableBeanFactory.java:1232)
	at org.springframework.beans.factory.support.AbstractAutowireCapableBeanFactory.doCreateBean(AbstractAutowireCapableBeanFactory.java:569)
	at org.springframework.beans.factory.support.AbstractAutowireCapableBeanFactory.createBean(AbstractAutowireCapableBeanFactory.java:529)
	at org.springframework.beans.factory.support.AbstractBeanFactory.lambda$doGetBean$0(AbstractBeanFactory.java:339)
	at org.springframework.beans.factory.support.DefaultSingletonBeanRegistry.getSingleton(DefaultSingletonBeanRegistry.java:373)
	at org.springframework.beans.factory.support.AbstractBeanFactory.doGetBean(AbstractBeanFactory.java:337)
	at org.springframework.beans.factory.support.AbstractBeanFactory.getBean(AbstractBeanFactory.java:202)
	at org.springframework.beans.factory.support.DefaultListableBeanFactory.instantiateSingleton(DefaultListableBeanFactory.java:1221)
	at org.springframework.beans.factory.support.DefaultListableBeanFactory.preInstantiateSingleton(DefaultListableBeanFactory.java:1187)
	at org.springframework.beans.factory.support.DefaultListableBeanFactory.preInstantiateSingletons(DefaultListableBeanFactory.java:1123)
	at org.springframework.context.support.AbstractApplicationContext.finishBeanFactoryInitialization(AbstractApplicationContext.java:987)
	at org.springframework.context.support.AbstractApplicationContext.refresh(AbstractApplicationContext.java:627)
	at org.springframework.boot.web.servlet.context.ServletWebServerApplicationContext.refresh(ServletWebServerApplicationContext.java:146)
	at org.springframework.boot.SpringApplication.refresh(SpringApplication.java:752)
	at org.springframework.boot.SpringApplication.refreshContext(SpringApplication.java:439)
	at org.springframework.boot.SpringApplication.run(SpringApplication.java:318)
	at org.springframework.boot.SpringApplication.run(SpringApplication.java:1361)
	at org.springframework.boot.SpringApplication.run(SpringApplication.java:1350)
	at dz.mdn.raas.RaasApi.main(RaasApi.java:23)
Caused by: org.springframework.beans.factory.UnsatisfiedDependencyException: Error creating bean with name 'archiveBoxService' defined in file [F:\Dev Framework\Workspace\Backend\raas\target\classes\dz\mdn\raas\common\environment\service\ArchiveBoxService.class]: Unsatisfied dependency expressed through constructor parameter 2: Error creating bean with name 'shelfFloorRepository' defined in dz.mdn.raas.common.environment.repository.ShelfFloorRepository defined in @EnableJpaRepositories declared on DataConfig: Could not create query for public abstract org.springframework.data.domain.Page dz.mdn.raas.common.environment.repository.ShelfFloorRepository.findByLevelNumber(java.lang.String,org.springframework.data.domain.Pageable); Reason: At 1:43 and token 'REGEXP', mismatched input 'REGEXP', expecting one of the following tokens: <EOF>, ',', '[', '/', '||', '.', '*', AND, BY, DAY, EPOCH, EXCEPT, FETCH, GROUP, HAVING, HOUR, INTERSECT, LIMIT, MINUTE, MONTH, NANOSECOND, OFFSET, OR, ORDER, QUARTER, SECOND, UNION, WEEK, YEAR, '+', '-'; Bad HQL grammar [SELECT sf FROM ShelfFloor sf WHERE sf.code REGEXP :levelPattern]
	at org.springframework.beans.factory.support.ConstructorResolver.createArgumentArray(ConstructorResolver.java:804)
	at org.springframework.beans.factory.support.ConstructorResolver.autowireConstructor(ConstructorResolver.java:240)
	at org.springframework.beans.factory.support.AbstractAutowireCapableBeanFactory.autowireConstructor(AbstractAutowireCapableBeanFactory.java:1395)
	at org.springframework.beans.factory.support.AbstractAutowireCapableBeanFactory.createBeanInstance(AbstractAutowireCapableBeanFactory.java:1232)
	at org.springframework.beans.factory.support.AbstractAutowireCapableBeanFactory.doCreateBean(AbstractAutowireCapableBeanFactory.java:569)
	at org.springframework.beans.factory.support.AbstractAutowireCapableBeanFactory.createBean(AbstractAutowireCapableBeanFactory.java:529)
	at org.springframework.beans.factory.support.AbstractBeanFactory.lambda$doGetBean$0(AbstractBeanFactory.java:339)
	at org.springframework.beans.factory.support.DefaultSingletonBeanRegistry.getSingleton(DefaultSingletonBeanRegistry.java:373)
	at org.springframework.beans.factory.support.AbstractBeanFactory.doGetBean(AbstractBeanFactory.java:337)
	at org.springframework.beans.factory.support.AbstractBeanFactory.getBean(AbstractBeanFactory.java:202)
	at org.springframework.beans.factory.support.DefaultListableBeanFactory.doResolveDependency(DefaultListableBeanFactory.java:1698)
	at org.springframework.beans.factory.support.DefaultListableBeanFactory.resolveDependency(DefaultListableBeanFactory.java:1643)
	at org.springframework.beans.factory.support.ConstructorResolver.resolveAutowiredArgument(ConstructorResolver.java:913)
	at org.springframework.beans.factory.support.ConstructorResolver.createArgumentArray(ConstructorResolver.java:791)
	... 21 common frames omitted
Caused by: org.springframework.beans.factory.BeanCreationException: Error creating bean with name 'shelfFloorRepository' defined in dz.mdn.raas.common.environment.repository.ShelfFloorRepository defined in @EnableJpaRepositories declared on DataConfig: Could not create query for public abstract org.springframework.data.domain.Page dz.mdn.raas.common.environment.repository.ShelfFloorRepository.findByLevelNumber(java.lang.String,org.springframework.data.domain.Pageable); Reason: At 1:43 and token 'REGEXP', mismatched input 'REGEXP', expecting one of the following tokens: <EOF>, ',', '[', '/', '||', '.', '*', AND, BY, DAY, EPOCH, EXCEPT, FETCH, GROUP, HAVING, HOUR, INTERSECT, LIMIT, MINUTE, MONTH, NANOSECOND, OFFSET, OR, ORDER, QUARTER, SECOND, UNION, WEEK, YEAR, '+', '-'; Bad HQL grammar [SELECT sf FROM ShelfFloor sf WHERE sf.code REGEXP :levelPattern]
	at org.springframework.beans.factory.support.AbstractAutowireCapableBeanFactory.initializeBean(AbstractAutowireCapableBeanFactory.java:1826)
	at org.springframework.beans.factory.support.AbstractAutowireCapableBeanFactory.doCreateBean(AbstractAutowireCapableBeanFactory.java:607)
	at org.springframework.beans.factory.support.AbstractAutowireCapableBeanFactory.createBean(AbstractAutowireCapableBeanFactory.java:529)
	at org.springframework.beans.factory.support.AbstractBeanFactory.lambda$doGetBean$0(AbstractBeanFactory.java:339)
	at org.springframework.beans.factory.support.DefaultSingletonBeanRegistry.getSingleton(DefaultSingletonBeanRegistry.java:373)
	at org.springframework.beans.factory.support.AbstractBeanFactory.doGetBean(AbstractBeanFactory.java:337)
	at org.springframework.beans.factory.support.AbstractBeanFactory.getBean(AbstractBeanFactory.java:202)
	at org.springframework.beans.factory.support.DefaultListableBeanFactory.doResolveDependency(DefaultListableBeanFactory.java:1698)
	at org.springframework.beans.factory.support.DefaultListableBeanFactory.resolveDependency(DefaultListableBeanFactory.java:1643)
	at org.springframework.beans.factory.support.ConstructorResolver.resolveAutowiredArgument(ConstructorResolver.java:913)
	at org.springframework.beans.factory.support.ConstructorResolver.createArgumentArray(ConstructorResolver.java:791)
	... 34 common frames omitted
Caused by: org.springframework.data.repository.query.QueryCreationException: Could not create query for public abstract org.springframework.data.domain.Page dz.mdn.raas.common.environment.repository.ShelfFloorRepository.findByLevelNumber(java.lang.String,org.springframework.data.domain.Pageable); Reason: At 1:43 and token 'REGEXP', mismatched input 'REGEXP', expecting one of the following tokens: <EOF>, ',', '[', '/', '||', '.', '*', AND, BY, DAY, EPOCH, EXCEPT, FETCH, GROUP, HAVING, HOUR, INTERSECT, LIMIT, MINUTE, MONTH, NANOSECOND, OFFSET, OR, ORDER, QUARTER, SECOND, UNION, WEEK, YEAR, '+', '-'; Bad HQL grammar [SELECT sf FROM ShelfFloor sf WHERE sf.code REGEXP :levelPattern]
	at org.springframework.data.repository.query.QueryCreationException.create(QueryCreationException.java:101)
	at org.springframework.data.repository.core.support.QueryExecutorMethodInterceptor.lookupQuery(QueryExecutorMethodInterceptor.java:120)
	at org.springframework.data.repository.core.support.QueryExecutorMethodInterceptor.mapMethodsToQuery(QueryExecutorMethodInterceptor.java:104)
	at org.springframework.data.repository.core.support.QueryExecutorMethodInterceptor.lambda$new$0(QueryExecutorMethodInterceptor.java:92)
	at java.base/java.util.Optional.map(Optional.java:260)
	at org.springframework.data.repository.core.support.QueryExecutorMethodInterceptor.<init>(QueryExecutorMethodInterceptor.java:92)
	at org.springframework.data.repository.core.support.RepositoryFactorySupport.getRepository(RepositoryFactorySupport.java:434)
	at org.springframework.data.repository.core.support.RepositoryFactoryBeanSupport.lambda$afterPropertiesSet$4(RepositoryFactoryBeanSupport.java:350)
	at org.springframework.data.util.Lazy.getNullable(Lazy.java:135)
	at org.springframework.data.util.Lazy.get(Lazy.java:113)
	at org.springframework.data.repository.core.support.RepositoryFactoryBeanSupport.afterPropertiesSet(RepositoryFactoryBeanSupport.java:356)
	at org.springframework.data.jpa.repository.support.JpaRepositoryFactoryBean.afterPropertiesSet(JpaRepositoryFactoryBean.java:132)
	at org.springframework.beans.factory.support.AbstractAutowireCapableBeanFactory.invokeInitMethods(AbstractAutowireCapableBeanFactory.java:1873)
	at org.springframework.beans.factory.support.AbstractAutowireCapableBeanFactory.initializeBean(AbstractAutowireCapableBeanFactory.java:1822)
	... 44 common frames omitted
Caused by: org.springframework.data.jpa.repository.query.BadJpqlGrammarException: At 1:43 and token 'REGEXP', mismatched input 'REGEXP', expecting one of the following tokens: <EOF>, ',', '[', '/', '||', '.', '*', AND, BY, DAY, EPOCH, EXCEPT, FETCH, GROUP, HAVING, HOUR, INTERSECT, LIMIT, MINUTE, MONTH, NANOSECOND, OFFSET, OR, ORDER, QUARTER, SECOND, UNION, WEEK, YEAR, '+', '-'; Bad HQL grammar [SELECT sf FROM ShelfFloor sf WHERE sf.code REGEXP :levelPattern]
	at org.springframework.data.jpa.repository.query.BadJpqlGrammarErrorListener.syntaxError(BadJpqlGrammarErrorListener.java:53)
	at org.antlr.v4.runtime.ProxyErrorListener.syntaxError(ProxyErrorListener.java:41)
	at org.antlr.v4.runtime.Parser.notifyErrorListeners(Parser.java:544)
	at org.antlr.v4.runtime.DefaultErrorStrategy.reportInputMismatch(DefaultErrorStrategy.java:327)
	at org.antlr.v4.runtime.DefaultErrorStrategy.reportError(DefaultErrorStrategy.java:139)
	at org.springframework.data.jpa.repository.query.HqlParser.start(HqlParser.java:347)
	at org.springframework.data.jpa.repository.query.JpaQueryEnhancer.parse(JpaQueryEnhancer.java:104)
	at org.springframework.data.jpa.repository.query.JpaQueryEnhancer$HqlQueryParser.<init>(JpaQueryEnhancer.java:319)
	at org.springframework.data.jpa.repository.query.JpaQueryEnhancer$HqlQueryParser.parseQuery(JpaQueryEnhancer.java:331)
	at org.springframework.data.jpa.repository.query.JpaQueryEnhancer.forHql(JpaQueryEnhancer.java:167)
	at org.springframework.data.jpa.repository.query.QueryEnhancerFactory.forQuery(QueryEnhancerFactory.java:68)
	at org.springframework.data.jpa.repository.query.StringQuery.<init>(StringQuery.java:100)
	at org.springframework.data.jpa.repository.query.StringQuery.<init>(StringQuery.java:79)
	at org.springframework.data.jpa.repository.query.ExpressionBasedStringQuery.<init>(ExpressionBasedStringQuery.java:76)
	at org.springframework.data.jpa.repository.query.ExpressionBasedStringQuery.<init>(ExpressionBasedStringQuery.java:63)
	at org.springframework.data.jpa.repository.query.AbstractStringBasedJpaQuery.<init>(AbstractStringBasedJpaQuery.java:86)
	at org.springframework.data.jpa.repository.query.SimpleJpaQuery.<init>(SimpleJpaQuery.java:65)
	at org.springframework.data.jpa.repository.query.JpaQueryFactory.fromMethodWithQueryString(JpaQueryFactory.java:49)
	at org.springframework.data.jpa.repository.query.JpaQueryLookupStrategy$DeclaredQueryLookupStrategy.resolveQuery(JpaQueryLookupStrategy.java:174)
	at org.springframework.data.jpa.repository.query.JpaQueryLookupStrategy$CreateIfNotFoundQueryLookupStrategy.resolveQuery(JpaQueryLookupStrategy.java:254)
	at org.springframework.data.jpa.repository.query.JpaQueryLookupStrategy$AbstractQueryLookupStrategy.resolveQuery(JpaQueryLookupStrategy.java:99)
	at org.springframework.data.repository.core.support.QueryExecutorMethodInterceptor.lookupQuery(QueryExecutorMethodInterceptor.java:116)
	... 56 common frames omitted
2025-10-15 14:39:18 [main] INFO  dz.mdn.raas.RaasApi - Starting RaasApi using Java 21.0.7 with PID 13508 (F:\Dev Framework\Workspace\Backend\raas\target\classes started by SDR-301 in F:\Dev Framework\Workspace\Backend\raas)
2025-10-15 14:39:18 [main] DEBUG dz.mdn.raas.RaasApi - Running with Spring Boot v3.5.6, Spring v6.2.11
2025-10-15 14:39:18 [main] INFO  dz.mdn.raas.RaasApi - No active profile set, falling back to 1 default profile: "default"
2025-10-15 14:39:19 [main] INFO  o.s.d.r.c.RepositoryConfigurationDelegate - Bootstrapping Spring Data JPA repositories in DEFAULT mode.
2025-10-15 14:39:19 [main] INFO  o.s.d.r.c.RepositoryConfigurationDelegate - Finished Spring Data repository scanning in 227 ms. Found 58 JPA repository interfaces.
2025-10-15 14:39:20 [main] INFO  o.s.b.w.e.tomcat.TomcatWebServer - Tomcat initialized with port 8080 (http)
2025-10-15 14:39:20 [main] INFO  o.a.catalina.core.StandardService - Starting service [Tomcat]
2025-10-15 14:39:20 [main] INFO  o.a.catalina.core.StandardEngine - Starting Servlet engine: [Apache Tomcat/10.1.46]
2025-10-15 14:39:20 [main] INFO  o.a.c.c.C.[.[localhost].[/raas/api] - Initializing Spring embedded WebApplicationContext
2025-10-15 14:39:20 [main] INFO  o.s.b.w.s.c.ServletWebServerApplicationContext - Root WebApplicationContext: initialization completed in 2143 ms
2025-10-15 14:39:20 [main] INFO  com.zaxxer.hikari.HikariDataSource - HikariPool-1 - Starting...
2025-10-15 14:39:21 [main] INFO  com.zaxxer.hikari.pool.HikariPool - HikariPool-1 - Added connection com.mysql.cj.jdbc.ConnectionImpl@5731caaf
2025-10-15 14:39:21 [main] INFO  com.zaxxer.hikari.HikariDataSource - HikariPool-1 - Start completed.
2025-10-15 14:39:21 [main] INFO  o.h.jpa.internal.util.LogHelper - HHH000204: Processing PersistenceUnitInfo [name: default]
2025-10-15 14:39:21 [main] INFO  org.hibernate.Version - HHH000412: Hibernate ORM core version 6.6.29.Final
2025-10-15 14:39:21 [main] INFO  o.h.c.i.RegionFactoryInitiator - HHH000026: Second-level cache disabled
2025-10-15 14:39:21 [main] INFO  o.s.o.j.p.SpringPersistenceUnitInfo - No LoadTimeWeaver setup: ignoring JPA class transformer
2025-10-15 14:39:22 [main] WARN  org.hibernate.dialect.Dialect - HHH000511: The 5.5.5 version for [org.hibernate.dialect.MySQLDialect] is no longer supported, hence certain features may not work properly. The minimum supported version is 8.0.0. Check the community dialects project for available legacy versions.
2025-10-15 14:39:22 [main] WARN  org.hibernate.orm.deprecation - HHH90000025: MySQLDialect does not need to be specified explicitly using 'hibernate.dialect' (remove the property setting and it will be selected by default)
2025-10-15 14:39:22 [main] INFO  o.hibernate.orm.connections.pooling - HHH10001005: Database info:
	Database JDBC URL [Connecting through datasource 'HikariDataSource (HikariPool-1)']
	Database driver: undefined/unknown
	Database version: 5.5.5
	Autocommit mode: undefined/unknown
	Isolation level: undefined/unknown
	Minimum pool size: undefined/unknown
	Maximum pool size: undefined/unknown
2025-10-15 14:39:23 [main] INFO  o.h.e.t.j.p.i.JtaPlatformInitiator - HHH000489: No JTA platform available (set 'hibernate.transaction.jta.platform' to enable JTA platform integration)
2025-10-15 14:39:23 [main] INFO  o.s.o.j.LocalContainerEntityManagerFactoryBean - Initialized JPA EntityManagerFactory for persistence unit 'default'
2025-10-15 14:39:24 [main] INFO  o.s.d.j.r.query.QueryEnhancerFactory - Hibernate is in classpath; If applicable, HQL parser will be used.
2025-10-15 14:39:27 [main] WARN  o.s.b.w.s.c.AnnotationConfigServletWebServerApplicationContext - Exception encountered during context initialization - cancelling refresh attempt: org.springframework.beans.factory.UnsatisfiedDependencyException: Error creating bean with name 'floorController' defined in file [F:\Dev Framework\Workspace\Backend\raas\target\classes\dz\mdn\raas\common\environment\controller\FloorController.class]: Unsatisfied dependency expressed through constructor parameter 0: Error creating bean with name 'floorService' defined in file [F:\Dev Framework\Workspace\Backend\raas\target\classes\dz\mdn\raas\common\environment\service\FloorService.class]: Unsatisfied dependency expressed through constructor parameter 0: Error creating bean with name 'floorRepository' defined in dz.mdn.raas.common.environment.repository.FloorRepository defined in @EnableJpaRepositories declared on DataConfig: Could not create query for public abstract org.springframework.data.domain.Page dz.mdn.raas.common.environment.repository.FloorRepository.findUpperFloors(org.springframework.data.domain.Pageable); Reason: At 1:35 and token 'REGEXP', mismatched input 'REGEXP', expecting one of the following tokens: <EOF>, ',', '[', '/', '||', '.', '*', AND, BY, DAY, EPOCH, EXCEPT, FETCH, GROUP, HAVING, HOUR, INTERSECT, LIMIT, MINUTE, MONTH, NANOSECOND, OFFSET, OR, ORDER, QUARTER, SECOND, UNION, WEEK, YEAR, '+', '-'; Bad HQL grammar [SELECT f FROM Floor f WHERE f.code REGEXP '[1-9]' OR LOWER(f.designationEn) LIKE '%first%' OR LOWER(f.designationEn) LIKE '%second%' OR LOWER(f.designationEn) LIKE '%upper%' OR LOWER(f.designationFr) LIKE '%premier%' OR LOWER(f.designationFr) LIKE '%étage%' OR LOWER(f.designationAr) LIKE '%أول%' OR LOWER(f.designationAr) LIKE '%ثاني%']
2025-10-15 14:39:27 [main] INFO  o.s.o.j.LocalContainerEntityManagerFactoryBean - Closing JPA EntityManagerFactory for persistence unit 'default'
2025-10-15 14:39:27 [main] INFO  com.zaxxer.hikari.HikariDataSource - HikariPool-1 - Shutdown initiated...
2025-10-15 14:39:27 [main] INFO  com.zaxxer.hikari.HikariDataSource - HikariPool-1 - Shutdown completed.
2025-10-15 14:39:27 [main] INFO  o.a.catalina.core.StandardService - Stopping service [Tomcat]
2025-10-15 14:39:27 [main] INFO  o.s.b.a.l.ConditionEvaluationReportLogger - 

Error starting ApplicationContext. To display the condition evaluation report re-run your application with 'debug' enabled.
2025-10-15 14:39:27 [main] ERROR o.s.boot.SpringApplication - Application run failed
org.springframework.beans.factory.UnsatisfiedDependencyException: Error creating bean with name 'floorController' defined in file [F:\Dev Framework\Workspace\Backend\raas\target\classes\dz\mdn\raas\common\environment\controller\FloorController.class]: Unsatisfied dependency expressed through constructor parameter 0: Error creating bean with name 'floorService' defined in file [F:\Dev Framework\Workspace\Backend\raas\target\classes\dz\mdn\raas\common\environment\service\FloorService.class]: Unsatisfied dependency expressed through constructor parameter 0: Error creating bean with name 'floorRepository' defined in dz.mdn.raas.common.environment.repository.FloorRepository defined in @EnableJpaRepositories declared on DataConfig: Could not create query for public abstract org.springframework.data.domain.Page dz.mdn.raas.common.environment.repository.FloorRepository.findUpperFloors(org.springframework.data.domain.Pageable); Reason: At 1:35 and token 'REGEXP', mismatched input 'REGEXP', expecting one of the following tokens: <EOF>, ',', '[', '/', '||', '.', '*', AND, BY, DAY, EPOCH, EXCEPT, FETCH, GROUP, HAVING, HOUR, INTERSECT, LIMIT, MINUTE, MONTH, NANOSECOND, OFFSET, OR, ORDER, QUARTER, SECOND, UNION, WEEK, YEAR, '+', '-'; Bad HQL grammar [SELECT f FROM Floor f WHERE f.code REGEXP '[1-9]' OR LOWER(f.designationEn) LIKE '%first%' OR LOWER(f.designationEn) LIKE '%second%' OR LOWER(f.designationEn) LIKE '%upper%' OR LOWER(f.designationFr) LIKE '%premier%' OR LOWER(f.designationFr) LIKE '%étage%' OR LOWER(f.designationAr) LIKE '%أول%' OR LOWER(f.designationAr) LIKE '%ثاني%']
	at org.springframework.beans.factory.support.ConstructorResolver.createArgumentArray(ConstructorResolver.java:804)
	at org.springframework.beans.factory.support.ConstructorResolver.autowireConstructor(ConstructorResolver.java:240)
	at org.springframework.beans.factory.support.AbstractAutowireCapableBeanFactory.autowireConstructor(AbstractAutowireCapableBeanFactory.java:1395)
	at org.springframework.beans.factory.support.AbstractAutowireCapableBeanFactory.createBeanInstance(AbstractAutowireCapableBeanFactory.java:1232)
	at org.springframework.beans.factory.support.AbstractAutowireCapableBeanFactory.doCreateBean(AbstractAutowireCapableBeanFactory.java:569)
	at org.springframework.beans.factory.support.AbstractAutowireCapableBeanFactory.createBean(AbstractAutowireCapableBeanFactory.java:529)
	at org.springframework.beans.factory.support.AbstractBeanFactory.lambda$doGetBean$0(AbstractBeanFactory.java:339)
	at org.springframework.beans.factory.support.DefaultSingletonBeanRegistry.getSingleton(DefaultSingletonBeanRegistry.java:373)
	at org.springframework.beans.factory.support.AbstractBeanFactory.doGetBean(AbstractBeanFactory.java:337)
	at org.springframework.beans.factory.support.AbstractBeanFactory.getBean(AbstractBeanFactory.java:202)
	at org.springframework.beans.factory.support.DefaultListableBeanFactory.instantiateSingleton(DefaultListableBeanFactory.java:1221)
	at org.springframework.beans.factory.support.DefaultListableBeanFactory.preInstantiateSingleton(DefaultListableBeanFactory.java:1187)
	at org.springframework.beans.factory.support.DefaultListableBeanFactory.preInstantiateSingletons(DefaultListableBeanFactory.java:1123)
	at org.springframework.context.support.AbstractApplicationContext.finishBeanFactoryInitialization(AbstractApplicationContext.java:987)
	at org.springframework.context.support.AbstractApplicationContext.refresh(AbstractApplicationContext.java:627)
	at org.springframework.boot.web.servlet.context.ServletWebServerApplicationContext.refresh(ServletWebServerApplicationContext.java:146)
	at org.springframework.boot.SpringApplication.refresh(SpringApplication.java:752)
	at org.springframework.boot.SpringApplication.refreshContext(SpringApplication.java:439)
	at org.springframework.boot.SpringApplication.run(SpringApplication.java:318)
	at org.springframework.boot.SpringApplication.run(SpringApplication.java:1361)
	at org.springframework.boot.SpringApplication.run(SpringApplication.java:1350)
	at dz.mdn.raas.RaasApi.main(RaasApi.java:23)
Caused by: org.springframework.beans.factory.UnsatisfiedDependencyException: Error creating bean with name 'floorService' defined in file [F:\Dev Framework\Workspace\Backend\raas\target\classes\dz\mdn\raas\common\environment\service\FloorService.class]: Unsatisfied dependency expressed through constructor parameter 0: Error creating bean with name 'floorRepository' defined in dz.mdn.raas.common.environment.repository.FloorRepository defined in @EnableJpaRepositories declared on DataConfig: Could not create query for public abstract org.springframework.data.domain.Page dz.mdn.raas.common.environment.repository.FloorRepository.findUpperFloors(org.springframework.data.domain.Pageable); Reason: At 1:35 and token 'REGEXP', mismatched input 'REGEXP', expecting one of the following tokens: <EOF>, ',', '[', '/', '||', '.', '*', AND, BY, DAY, EPOCH, EXCEPT, FETCH, GROUP, HAVING, HOUR, INTERSECT, LIMIT, MINUTE, MONTH, NANOSECOND, OFFSET, OR, ORDER, QUARTER, SECOND, UNION, WEEK, YEAR, '+', '-'; Bad HQL grammar [SELECT f FROM Floor f WHERE f.code REGEXP '[1-9]' OR LOWER(f.designationEn) LIKE '%first%' OR LOWER(f.designationEn) LIKE '%second%' OR LOWER(f.designationEn) LIKE '%upper%' OR LOWER(f.designationFr) LIKE '%premier%' OR LOWER(f.designationFr) LIKE '%étage%' OR LOWER(f.designationAr) LIKE '%أول%' OR LOWER(f.designationAr) LIKE '%ثاني%']
	at org.springframework.beans.factory.support.ConstructorResolver.createArgumentArray(ConstructorResolver.java:804)
	at org.springframework.beans.factory.support.ConstructorResolver.autowireConstructor(ConstructorResolver.java:240)
	at org.springframework.beans.factory.support.AbstractAutowireCapableBeanFactory.autowireConstructor(AbstractAutowireCapableBeanFactory.java:1395)
	at org.springframework.beans.factory.support.AbstractAutowireCapableBeanFactory.createBeanInstance(AbstractAutowireCapableBeanFactory.java:1232)
	at org.springframework.beans.factory.support.AbstractAutowireCapableBeanFactory.doCreateBean(AbstractAutowireCapableBeanFactory.java:569)
	at org.springframework.beans.factory.support.AbstractAutowireCapableBeanFactory.createBean(AbstractAutowireCapableBeanFactory.java:529)
	at org.springframework.beans.factory.support.AbstractBeanFactory.lambda$doGetBean$0(AbstractBeanFactory.java:339)
	at org.springframework.beans.factory.support.DefaultSingletonBeanRegistry.getSingleton(DefaultSingletonBeanRegistry.java:373)
	at org.springframework.beans.factory.support.AbstractBeanFactory.doGetBean(AbstractBeanFactory.java:337)
	at org.springframework.beans.factory.support.AbstractBeanFactory.getBean(AbstractBeanFactory.java:202)
	at org.springframework.beans.factory.support.DefaultListableBeanFactory.doResolveDependency(DefaultListableBeanFactory.java:1698)
	at org.springframework.beans.factory.support.DefaultListableBeanFactory.resolveDependency(DefaultListableBeanFactory.java:1643)
	at org.springframework.beans.factory.support.ConstructorResolver.resolveAutowiredArgument(ConstructorResolver.java:913)
	at org.springframework.beans.factory.support.ConstructorResolver.createArgumentArray(ConstructorResolver.java:791)
	... 21 common frames omitted
Caused by: org.springframework.beans.factory.BeanCreationException: Error creating bean with name 'floorRepository' defined in dz.mdn.raas.common.environment.repository.FloorRepository defined in @EnableJpaRepositories declared on DataConfig: Could not create query for public abstract org.springframework.data.domain.Page dz.mdn.raas.common.environment.repository.FloorRepository.findUpperFloors(org.springframework.data.domain.Pageable); Reason: At 1:35 and token 'REGEXP', mismatched input 'REGEXP', expecting one of the following tokens: <EOF>, ',', '[', '/', '||', '.', '*', AND, BY, DAY, EPOCH, EXCEPT, FETCH, GROUP, HAVING, HOUR, INTERSECT, LIMIT, MINUTE, MONTH, NANOSECOND, OFFSET, OR, ORDER, QUARTER, SECOND, UNION, WEEK, YEAR, '+', '-'; Bad HQL grammar [SELECT f FROM Floor f WHERE f.code REGEXP '[1-9]' OR LOWER(f.designationEn) LIKE '%first%' OR LOWER(f.designationEn) LIKE '%second%' OR LOWER(f.designationEn) LIKE '%upper%' OR LOWER(f.designationFr) LIKE '%premier%' OR LOWER(f.designationFr) LIKE '%étage%' OR LOWER(f.designationAr) LIKE '%أول%' OR LOWER(f.designationAr) LIKE '%ثاني%']
	at org.springframework.beans.factory.support.AbstractAutowireCapableBeanFactory.initializeBean(AbstractAutowireCapableBeanFactory.java:1826)
	at org.springframework.beans.factory.support.AbstractAutowireCapableBeanFactory.doCreateBean(AbstractAutowireCapableBeanFactory.java:607)
	at org.springframework.beans.factory.support.AbstractAutowireCapableBeanFactory.createBean(AbstractAutowireCapableBeanFactory.java:529)
	at org.springframework.beans.factory.support.AbstractBeanFactory.lambda$doGetBean$0(AbstractBeanFactory.java:339)
	at org.springframework.beans.factory.support.DefaultSingletonBeanRegistry.getSingleton(DefaultSingletonBeanRegistry.java:373)
	at org.springframework.beans.factory.support.AbstractBeanFactory.doGetBean(AbstractBeanFactory.java:337)
	at org.springframework.beans.factory.support.AbstractBeanFactory.getBean(AbstractBeanFactory.java:202)
	at org.springframework.beans.factory.support.DefaultListableBeanFactory.doResolveDependency(DefaultListableBeanFactory.java:1698)
	at org.springframework.beans.factory.support.DefaultListableBeanFactory.resolveDependency(DefaultListableBeanFactory.java:1643)
	at org.springframework.beans.factory.support.ConstructorResolver.resolveAutowiredArgument(ConstructorResolver.java:913)
	at org.springframework.beans.factory.support.ConstructorResolver.createArgumentArray(ConstructorResolver.java:791)
	... 34 common frames omitted
Caused by: org.springframework.data.repository.query.QueryCreationException: Could not create query for public abstract org.springframework.data.domain.Page dz.mdn.raas.common.environment.repository.FloorRepository.findUpperFloors(org.springframework.data.domain.Pageable); Reason: At 1:35 and token 'REGEXP', mismatched input 'REGEXP', expecting one of the following tokens: <EOF>, ',', '[', '/', '||', '.', '*', AND, BY, DAY, EPOCH, EXCEPT, FETCH, GROUP, HAVING, HOUR, INTERSECT, LIMIT, MINUTE, MONTH, NANOSECOND, OFFSET, OR, ORDER, QUARTER, SECOND, UNION, WEEK, YEAR, '+', '-'; Bad HQL grammar [SELECT f FROM Floor f WHERE f.code REGEXP '[1-9]' OR LOWER(f.designationEn) LIKE '%first%' OR LOWER(f.designationEn) LIKE '%second%' OR LOWER(f.designationEn) LIKE '%upper%' OR LOWER(f.designationFr) LIKE '%premier%' OR LOWER(f.designationFr) LIKE '%étage%' OR LOWER(f.designationAr) LIKE '%أول%' OR LOWER(f.designationAr) LIKE '%ثاني%']
	at org.springframework.data.repository.query.QueryCreationException.create(QueryCreationException.java:101)
	at org.springframework.data.repository.core.support.QueryExecutorMethodInterceptor.lookupQuery(QueryExecutorMethodInterceptor.java:120)
	at org.springframework.data.repository.core.support.QueryExecutorMethodInterceptor.mapMethodsToQuery(QueryExecutorMethodInterceptor.java:104)
	at org.springframework.data.repository.core.support.QueryExecutorMethodInterceptor.lambda$new$0(QueryExecutorMethodInterceptor.java:92)
	at java.base/java.util.Optional.map(Optional.java:260)
	at org.springframework.data.repository.core.support.QueryExecutorMethodInterceptor.<init>(QueryExecutorMethodInterceptor.java:92)
	at org.springframework.data.repository.core.support.RepositoryFactorySupport.getRepository(RepositoryFactorySupport.java:434)
	at org.springframework.data.repository.core.support.RepositoryFactoryBeanSupport.lambda$afterPropertiesSet$4(RepositoryFactoryBeanSupport.java:350)
	at org.springframework.data.util.Lazy.getNullable(Lazy.java:135)
	at org.springframework.data.util.Lazy.get(Lazy.java:113)
	at org.springframework.data.repository.core.support.RepositoryFactoryBeanSupport.afterPropertiesSet(RepositoryFactoryBeanSupport.java:356)
	at org.springframework.data.jpa.repository.support.JpaRepositoryFactoryBean.afterPropertiesSet(JpaRepositoryFactoryBean.java:132)
	at org.springframework.beans.factory.support.AbstractAutowireCapableBeanFactory.invokeInitMethods(AbstractAutowireCapableBeanFactory.java:1873)
	at org.springframework.beans.factory.support.AbstractAutowireCapableBeanFactory.initializeBean(AbstractAutowireCapableBeanFactory.java:1822)
	... 44 common frames omitted
Caused by: org.springframework.data.jpa.repository.query.BadJpqlGrammarException: At 1:35 and token 'REGEXP', mismatched input 'REGEXP', expecting one of the following tokens: <EOF>, ',', '[', '/', '||', '.', '*', AND, BY, DAY, EPOCH, EXCEPT, FETCH, GROUP, HAVING, HOUR, INTERSECT, LIMIT, MINUTE, MONTH, NANOSECOND, OFFSET, OR, ORDER, QUARTER, SECOND, UNION, WEEK, YEAR, '+', '-'; Bad HQL grammar [SELECT f FROM Floor f WHERE f.code REGEXP '[1-9]' OR LOWER(f.designationEn) LIKE '%first%' OR LOWER(f.designationEn) LIKE '%second%' OR LOWER(f.designationEn) LIKE '%upper%' OR LOWER(f.designationFr) LIKE '%premier%' OR LOWER(f.designationFr) LIKE '%étage%' OR LOWER(f.designationAr) LIKE '%أول%' OR LOWER(f.designationAr) LIKE '%ثاني%']
	at org.springframework.data.jpa.repository.query.BadJpqlGrammarErrorListener.syntaxError(BadJpqlGrammarErrorListener.java:53)
	at org.antlr.v4.runtime.ProxyErrorListener.syntaxError(ProxyErrorListener.java:41)
	at org.antlr.v4.runtime.Parser.notifyErrorListeners(Parser.java:544)
	at org.antlr.v4.runtime.DefaultErrorStrategy.reportInputMismatch(DefaultErrorStrategy.java:327)
	at org.antlr.v4.runtime.DefaultErrorStrategy.reportError(DefaultErrorStrategy.java:139)
	at org.springframework.data.jpa.repository.query.HqlParser.start(HqlParser.java:347)
	at org.springframework.data.jpa.repository.query.JpaQueryEnhancer.parse(JpaQueryEnhancer.java:104)
	at org.springframework.data.jpa.repository.query.JpaQueryEnhancer$HqlQueryParser.<init>(JpaQueryEnhancer.java:319)
	at org.springframework.data.jpa.repository.query.JpaQueryEnhancer$HqlQueryParser.parseQuery(JpaQueryEnhancer.java:331)
	at org.springframework.data.jpa.repository.query.JpaQueryEnhancer.forHql(JpaQueryEnhancer.java:167)
	at org.springframework.data.jpa.repository.query.QueryEnhancerFactory.forQuery(QueryEnhancerFactory.java:68)
	at org.springframework.data.jpa.repository.query.StringQuery.<init>(StringQuery.java:100)
	at org.springframework.data.jpa.repository.query.StringQuery.<init>(StringQuery.java:79)
	at org.springframework.data.jpa.repository.query.ExpressionBasedStringQuery.<init>(ExpressionBasedStringQuery.java:76)
	at org.springframework.data.jpa.repository.query.ExpressionBasedStringQuery.<init>(ExpressionBasedStringQuery.java:63)
	at org.springframework.data.jpa.repository.query.AbstractStringBasedJpaQuery.<init>(AbstractStringBasedJpaQuery.java:86)
	at org.springframework.data.jpa.repository.query.SimpleJpaQuery.<init>(SimpleJpaQuery.java:65)
	at org.springframework.data.jpa.repository.query.JpaQueryFactory.fromMethodWithQueryString(JpaQueryFactory.java:49)
	at org.springframework.data.jpa.repository.query.JpaQueryLookupStrategy$DeclaredQueryLookupStrategy.resolveQuery(JpaQueryLookupStrategy.java:174)
	at org.springframework.data.jpa.repository.query.JpaQueryLookupStrategy$CreateIfNotFoundQueryLookupStrategy.resolveQuery(JpaQueryLookupStrategy.java:254)
	at org.springframework.data.jpa.repository.query.JpaQueryLookupStrategy$AbstractQueryLookupStrategy.resolveQuery(JpaQueryLookupStrategy.java:99)
	at org.springframework.data.repository.core.support.QueryExecutorMethodInterceptor.lookupQuery(QueryExecutorMethodInterceptor.java:116)
	... 56 common frames omitted
